<?xml version="1.0" encoding="UTF-8"?>
<!-- Generated by org.testng.reporters.JUnitXMLReporter -->
<testsuite ignored="16" hostname="RAVISHANKAR" failures="1" tests="45" name="Test" time="574.13" errors="0" timestamp="2025-04-29T17:25:39 IST">
  <testcase classname="test.TC_001Resgistration" name="userRegistration" time="11.971">
    <failure type="org.openqa.selenium.NoSuchElementException" message="no such element: Unable to locate element: {&amp;quot;method&amp;quot;:&amp;quot;link text&amp;quot;,&amp;quot;selector&amp;quot;:&amp;quot;Click here to login&amp;quot;}
  (Session info: chrome=135.0.7049.114)
For documentation on this error, please visit: https://www.selenium.dev/documentation/webdriver/troubleshooting/errors#no-such-element-exception
Build info: version: &amp;apos;4.28.0&amp;apos;, revision: &amp;apos;ac342546e9&amp;apos;
System info: os.name: &amp;apos;Windows 11&amp;apos;, os.arch: &amp;apos;amd64&amp;apos;, os.version: &amp;apos;10.0&amp;apos;, java.version: &amp;apos;21.0.6&amp;apos;
Driver info: org.openqa.selenium.chrome.ChromeDriver
Command: [ac4816aa375c85704d9c7a640e343073, findElement {value=Click here to login, using=link text}]
Capabilities {acceptInsecureCerts: false, browserName: chrome, browserVersion: 135.0.7049.114, chrome: {chromedriverVersion: 135.0.7049.114 (63fd8a7d9d0..., userDataDir: C:\Users\ragul\AppData\Loca...}, fedcm:accounts: true, goog:chromeOptions: {debuggerAddress: localhost:50748}, networkConnectionEnabled: false, pageLoadStrategy: normal, platformName: windows, proxy: Proxy(), se:cdp: ws://localhost:50748/devtoo..., se:cdpVersion: 135.0.7049.114, setWindowRect: true, strictFileInteractability: false, timeouts: {implicit: 0, pageLoad: 300000, script: 30000}, unhandledPromptBehavior: dismiss and notify, webauthn:extension:credBlob: true, webauthn:extension:largeBlob: true, webauthn:extension:minPinLength: true, webauthn:extension:prf: true, webauthn:virtualAuthenticators: true}
Session ID: ac4816aa375c85704d9c7a640e343073">
      <![CDATA[org.openqa.selenium.NoSuchElementException: no such element: Unable to locate element: {"method":"link text","selector":"Click here to login"}
  (Session info: chrome=135.0.7049.114)
For documentation on this error, please visit: https://www.selenium.dev/documentation/webdriver/troubleshooting/errors#no-such-element-exception
Build info: version: '4.28.0', revision: 'ac342546e9'
System info: os.name: 'Windows 11', os.arch: 'amd64', os.version: '10.0', java.version: '21.0.6'
Driver info: org.openqa.selenium.chrome.ChromeDriver
Command: [ac4816aa375c85704d9c7a640e343073, findElement {value=Click here to login, using=link text}]
Capabilities {acceptInsecureCerts: false, browserName: chrome, browserVersion: 135.0.7049.114, chrome: {chromedriverVersion: 135.0.7049.114 (63fd8a7d9d0..., userDataDir: C:\Users\ragul\AppData\Loca...}, fedcm:accounts: true, goog:chromeOptions: {debuggerAddress: localhost:50748}, networkConnectionEnabled: false, pageLoadStrategy: normal, platformName: windows, proxy: Proxy(), se:cdp: ws://localhost:50748/devtoo..., se:cdpVersion: 135.0.7049.114, setWindowRect: true, strictFileInteractability: false, timeouts: {implicit: 0, pageLoad: 300000, script: 30000}, unhandledPromptBehavior: dismiss and notify, webauthn:extension:credBlob: true, webauthn:extension:largeBlob: true, webauthn:extension:minPinLength: true, webauthn:extension:prf: true, webauthn:virtualAuthenticators: true}
Session ID: ac4816aa375c85704d9c7a640e343073
at org.openqa.selenium.remote.ErrorCodec.decode(ErrorCodec.java:167)
at org.openqa.selenium.remote.codec.w3c.W3CHttpResponseCodec.decode(W3CHttpResponseCodec.java:138)
at org.openqa.selenium.remote.codec.w3c.W3CHttpResponseCodec.decode(W3CHttpResponseCodec.java:50)
at org.openqa.selenium.remote.HttpCommandExecutor.execute(HttpCommandExecutor.java:215)
at org.openqa.selenium.remote.service.DriverCommandExecutor.invokeExecute(DriverCommandExecutor.java:216)
at org.openqa.selenium.remote.service.DriverCommandExecutor.execute(DriverCommandExecutor.java:174)
at org.openqa.selenium.remote.RemoteWebDriver.execute(RemoteWebDriver.java:545)
at org.openqa.selenium.remote.ElementLocation$ElementFinder$2.findElement(ElementLocation.java:165)
at org.openqa.selenium.remote.ElementLocation.findElement(ElementLocation.java:59)
at org.openqa.selenium.remote.RemoteWebDriver.findElement(RemoteWebDriver.java:368)
at org.openqa.selenium.remote.RemoteWebDriver.findElement(RemoteWebDriver.java:362)
at org.openqa.selenium.support.pagefactory.DefaultElementLocator.findElement(DefaultElementLocator.java:68)
at org.openqa.selenium.support.pagefactory.internal.LocatingElementHandler.invoke(LocatingElementHandler.java:38)
at jdk.proxy2/jdk.proxy2.$Proxy20.isDisplayed(Unknown Source)
at org.openqa.selenium.support.ui.ExpectedConditions.elementIfVisible(ExpectedConditions.java:304)
at org.openqa.selenium.support.ui.ExpectedConditions$10.apply(ExpectedConditions.java:290)
at org.openqa.selenium.support.ui.ExpectedConditions$10.apply(ExpectedConditions.java:287)
at org.openqa.selenium.support.ui.FluentWait.until(FluentWait.java:203)
at utils.Handling.fluentWait(Handling.java:35)
at pages.ValidateRegister.validateRegister(ValidateRegister.java:47)
at test.TC_001Resgistration.userRegistration(TC_001Resgistration.java:32)
at java.base/java.util.ArrayList.forEach(ArrayList.java:1596)
... Removed 28 stack frames]]>
    </failure>
  </testcase> <!-- userRegistration -->
  <testcase classname="test.TC_001Resgistration" name="userRegistration" time="11.741"/>
  <testcase classname="test.TC_001Resgistration" name="userRegistration" time="1.901"/>
  <testcase classname="test.TC_001Resgistration" name="userRegistration" time="1.846"/>
  <testcase classname="test.TC_001Resgistration" name="userRegistration" time="1.784"/>
  <testcase classname="test.TC_001Resgistration" name="userRegistration" time="1.856"/>
  <testcase classname="test.TC_001Resgistration" name="userRegistration" time="1.883"/>
  <testcase classname="test.TC_001Resgistration" name="userRegistration" time="1.848"/>
  <testcase classname="test.TC_001Resgistration" name="userRegistration" time="1.662"/>
  <testcase classname="test.TC_001Resgistration" name="userRegistration" time="1.851"/>
  <testcase classname="test.TC_001Resgistration" name="userRegistration" time="2.022"/>
  <testcase classname="test.TC_001Resgistration" name="userRegistration" time="12.284"/>
  <testcase classname="test.TC_001Resgistration" name="userRegistration" time="1.844"/>
  <testcase classname="test.TC_001Resgistration" name="userRegistration" time="11.885"/>
  <testcase classname="test.TC_002ResetData" name="userRegistration" time="1.787"/>
  <testcase classname="test.TC_003Login" name="userRegistration" time="1.88"/>
  <testcase classname="test.TC_003Login" name="userRegistration" time="0.482"/>
  <testcase classname="test.TC_003Login" name="userRegistration" time="0.488"/>
  <testcase classname="test.TC_003Login" name="userRegistration" time="0.919"/>
  <testcase classname="test.TC_003Login" name="userRegistration" time="0.377"/>
  <testcase classname="test.TC_003Login" name="userRegistration" time="0.789"/>
  <testcase classname="test.TC_004ForgotPassword" name="ForgotpasswordTest" time="2.933"/>
  <testcase classname="test.TC_004ForgotPassword" name="ForgotpasswordTest" time="2.043"/>
  <testcase classname="test.TC_004ForgotPassword" name="ForgotpasswordTest" time="11.076"/>
  <testcase classname="test.TC_005SearchHotel" name="SeachHotelTest" time="2.634"/>
  <testcase classname="test.TC_005SearchHotel" name="SeachHotelTest" time="2.379"/>
  <testcase classname="test.TC_005SearchHotel" name="SeachHotelTest" time="2.792"/>
  <testcase classname="test.TC_005SearchHotel" name="SeachHotelTest" time="2.026"/>
  <testcase classname="test.TC_005SearchHotel" name="SeachHotelTest" time="2.125"/>
  <testcase classname="test.TC_005SearchHotel" name="SeachHotelTest" time="2.133"/>
  <testcase classname="test.TC_005SearchHotel" name="SeachHotelTest" time="2.195"/>
  <testcase classname="test.TC_005SearchHotel" name="SeachHotelTest" time="2.811"/>
  <testcase classname="test.TC_005SearchHotel" name="SeachHotelTest" time="2.853"/>
  <testcase classname="test.TC_006BookingHotel" name="booking" time="3.769"/>
  <testcase classname="test.TC_006BookingHotel" name="booking" time="4.316"/>
  <testcase classname="test.TC_006BookingHotel" name="booking" time="4.311"/>
  <testcase classname="test.TC_006BookingHotel" name="booking" time="3.668"/>
  <testcase classname="test.TC_006BookingHotel" name="booking" time="4.135"/>
  <testcase classname="test.TC_006BookingHotel" name="booking" time="4.3"/>
  <testcase classname="test.TC_006BookingHotel" name="booking" time="4.649"/>
  <testcase classname="test.TC_006BookingHotel" name="booking" time="10.032"/>
  <testcase classname="test.TC_007BookItinerary" name="booking" time="66.379"/>
  <testcase classname="test.TC_008Changepassword" name="change_PasswordTest" time="3.042"/>
  <testcase classname="test.TC_008Changepassword" name="change_PasswordTest" time="3.036"/>
  <testcase classname="test.TC_009Logout" name="LOGOUT_test" time="1.918"/>
  <testcase classname="base.ProjectSpecification" name="@BeforeSuite reportIniatialization" time="0.0">
    <ignored/>
  </testcase> <!-- @BeforeSuite reportIniatialization -->
  <testcase classname="base.ProjectSpecification" name="@BeforeSuite reportIniatialization" time="0.0">
    <ignored/>
  </testcase> <!-- @BeforeSuite reportIniatialization -->
  <testcase classname="base.ProjectSpecification" name="@AfterSuite reportClose" time="0.0">
    <ignored/>
  </testcase> <!-- @AfterSuite reportClose -->
  <testcase classname="base.ProjectSpecification" name="@AfterSuite reportClose" time="0.0">
    <ignored/>
  </testcase> <!-- @AfterSuite reportClose -->
  <testcase classname="base.ProjectSpecification" name="@AfterSuite reportClose" time="0.0">
    <ignored/>
  </testcase> <!-- @AfterSuite reportClose -->
  <testcase classname="base.ProjectSpecification" name="@BeforeSuite reportIniatialization" time="0.0">
    <ignored/>
  </testcase> <!-- @BeforeSuite reportIniatialization -->
  <testcase classname="base.ProjectSpecification" name="@AfterSuite reportClose" time="0.0">
    <ignored/>
  </testcase> <!-- @AfterSuite reportClose -->
  <testcase classname="base.ProjectSpecification" name="@AfterSuite reportClose" time="0.0">
    <ignored/>
  </testcase> <!-- @AfterSuite reportClose -->
  <testcase classname="base.ProjectSpecification" name="@AfterSuite reportClose" time="0.0">
    <ignored/>
  </testcase> <!-- @AfterSuite reportClose -->
  <testcase classname="base.ProjectSpecification" name="@BeforeSuite reportIniatialization" time="0.0">
    <ignored/>
  </testcase> <!-- @BeforeSuite reportIniatialization -->
  <testcase classname="base.ProjectSpecification" name="@BeforeSuite reportIniatialization" time="0.0">
    <ignored/>
  </testcase> <!-- @BeforeSuite reportIniatialization -->
  <testcase classname="base.ProjectSpecification" name="@BeforeSuite reportIniatialization" time="0.0">
    <ignored/>
  </testcase> <!-- @BeforeSuite reportIniatialization -->
  <testcase classname="base.ProjectSpecification" name="@AfterSuite reportClose" time="0.0">
    <ignored/>
  </testcase> <!-- @AfterSuite reportClose -->
  <testcase classname="base.ProjectSpecification" name="@AfterSuite reportClose" time="0.0">
    <ignored/>
  </testcase> <!-- @AfterSuite reportClose -->
  <testcase classname="base.ProjectSpecification" name="@BeforeSuite reportIniatialization" time="0.0">
    <ignored/>
  </testcase> <!-- @BeforeSuite reportIniatialization -->
  <testcase classname="base.ProjectSpecification" name="@BeforeSuite reportIniatialization" time="0.0">
    <ignored/>
  </testcase> <!-- @BeforeSuite reportIniatialization -->
</testsuite> <!-- Test -->
